INFO:root:Starting workGDB... 2020-04-28 21:52:11
INFO:root:Downloading data... 2020-04-28 21:52:15
INFO:root:Creating feature classes... 2020-04-28 21:52:20
INFO:root:Deploying... 2020-04-28 21:52:26
INFO:root:Done! 2020-04-28 21:52:26
INFO:root:Starting workGDB... 2020-04-28 22:10:05
INFO:root:Downloading data... 2020-04-28 22:10:08
INFO:root:Creating feature classes... 2020-04-28 22:10:25
INFO:root:Deploying... 2020-04-28 22:10:31
INFO:root:Starting workGDB... 2020-04-28 22:14:43
INFO:root:Downloading data... 2020-04-28 22:14:46
INFO:root:Creating feature classes... 2020-04-28 22:15:03
INFO:root:Deploying... 2020-04-28 22:15:09
INFO:root:Done! 2020-04-28 22:15:09
INFO:root:Starting workGDB... 2020-04-28 22:50:55
INFO:root:Downloading data... 2020-04-28 22:50:58
INFO:root:Creating feature classes... 2020-04-28 22:51:18
INFO:root:Deploying... 2020-04-28 22:51:24
INFO:root:Starting workGDB... 2020-04-28 22:53:21
INFO:root:Downloading data... 2020-04-28 22:53:24
INFO:root:Creating feature classes... 2020-04-28 22:53:44
INFO:root:Deploying... 2020-04-28 22:53:49
INFO:root:Done! 2020-04-28 22:54:29
